nan
('Coefficients: \n', array([[  6.41541594e-02,  -1.30771291e+00,  -5.64259938e-01],
       [ -4.43534619e-04,  -7.13087888e-01,   1.79480186e-02],
       [ -2.13871700e-03,  -8.08892387e-01,   3.19424862e-02],
       [  1.90706754e-03,  -9.26675557e-01,  -2.29497757e-02],
       [ -5.78804167e-03,  -8.91083824e-01,   4.26832931e-02],
       [ -4.45724947e-03,  -7.70376285e-01,   4.73557487e-02],
       [ -2.47294270e-03,  -9.59474219e-01,   5.46912478e-03],
       [ -7.75795370e-03,  -8.88835592e-01,   4.42781468e-02],
       [ -7.48485679e-03,  -7.16054921e-01,   2.80854787e-02],
       [  5.27734595e-02,  -4.49775406e-01,  -3.76777993e-01],
       [ -8.26836601e-01,  -6.28844858e-01,  -8.54870192e-02],
       [ -1.71588415e-02,  -2.94629688e-01,  -2.35710442e-02],
       [  1.76477450e-03,  -3.05501674e-01,  -2.00849207e-02],
       [ -1.75057507e-03,  -3.15939821e-01,  -5.89046487e-03],
       [ -2.96909022e-03,  -3.58470729e-01,  -6.92955735e-03],
       [ -2.02522036e-02,  -6.18532089e-01,  -1.31724603e-01],
       [  7.88958192e-03,  -1.50070243e-01,  -2.74570180e-02],
       [ -1.90889530e-02,  -5.97071161e-01,  -2.76212706e-01],
       [ -2.27627770e-02,  -3.81102525e-01,   2.85084036e-02],
       [  4.15738864e-03,  -5.63038977e-01,  -5.99825802e-02],
       [ -1.21487890e-01,  -3.27329877e-01,  -5.27734474e-01],
       [ -1.59642850e-01,  -2.95076612e-01,  -4.90866568e-01],
       [ -2.88989612e-02,  -2.27806397e-01,  -3.33989968e-01],
       [ -5.10567563e-02,  -1.92819379e-01,  -6.44739394e-01],
       [ -1.74747027e-02,  -7.31412245e-01,   3.93297285e-02],
       [ -1.40903224e-03,  -2.48742284e-01,   2.02290292e-02],
       [ -7.65875278e-03,  -8.01468216e-01,   5.55318694e-02],
       [ -1.21463184e-02,  -5.16316936e-01,   2.89314221e-02],
       [ -7.18622720e-01,  -6.23632805e-01,   4.09888263e-01],
       [ -3.14211277e-03,  -1.92809350e-01,   1.72241305e-02],
       [ -1.04547598e-02,  -2.49665345e-01,   2.08514152e-02],
       [ -2.65865035e-01,  -1.72012284e-01,  -4.08614945e-01],
       [ -5.31849165e-02,  -1.65477082e-01,   1.75090035e-02],
       [ -1.84074510e-01,  -2.05368026e-01,  -4.76739244e-01],
       [ -4.91534691e-03,  -7.13190930e-01,   4.37105044e-02],
       [ -2.51283484e-01,   3.15129611e-02,   4.96402782e-02],
       [ -8.94269229e-01,  -1.74810786e-01,  -9.86532582e-02],
       [ -4.11922379e-02,  -1.38356471e-01,  -1.77471877e-01],
       [ -2.30404681e-02,  -6.50025423e-01,  -2.21468326e-02],
       [ -1.41341694e-02,  -3.02426886e-01,   1.23292447e-02],
       [ -3.99147598e-02,  -7.15065851e-01,  -5.59379579e-01],
       [ -7.40927594e-02,  -1.53281558e-01,  -5.53349591e-02],
       [ -8.45337806e-01,   8.09410623e-02,   9.08285531e-02],
       [ -3.73842875e-02,  -4.54456664e-01,   3.06870431e-02],
       [ -2.38322064e-02,  -3.80179980e-01,  -1.59482365e-01],
       [ -2.40571751e-01,  -7.07769661e-01,  -3.59432801e-01],
       [ -7.48017744e-03,  -1.45939871e-01,  -1.64434304e-01],
       [ -3.41631116e-01,  -4.47581508e-01,   1.27663665e-01],
       [ -1.59064422e-02,  -3.55439003e-01,  -6.64046799e-01],
       [ -7.01216314e-03,  -1.66028373e-01,   1.42288002e-02],
       [ -3.42069108e-01,  -6.17796536e-01,  -3.00966116e-01],
       [ -1.41694515e-01,  -6.26932254e-01,  -7.36104284e-03],
       [ -1.13907078e-02,  -1.29108599e+00,   6.77559669e-02],
       [ -8.15397704e-03,  -3.35899337e-01,   2.98039331e-02],
       [ -1.21293508e-01,  -4.38301880e-01,  -5.11283068e-01],
       [ -1.12230893e-01,  -6.12381699e-01,  -4.92362873e-01],
       [ -4.62884808e-03,  -3.12863270e-01,  -3.58850712e-01],
       [ -3.42069108e-01,  -6.17796536e-01,  -3.00966116e-01],
       [ -4.44342473e-02,  -3.52187798e-01,  -1.32486772e-01],
       [ -3.18152861e-01,  -8.39506482e-01,   1.74942742e-01],
       [ -9.04196301e-01,  -3.79031436e-02,  -1.04836434e-01],
       [ -2.49473657e-02,  -1.46985963e-01,   2.66688589e-02],
       [ -8.74774264e-02,  -1.41889416e-01,  -4.29590428e-02],
       [ -1.15700767e-02,  -1.07151620e-01,  -2.42724544e-04],
       [ -1.67106533e-01,  -6.97843673e-02,  -4.88642250e-02],
       [ -1.74865066e-01,  -9.37722800e-01,   1.06485308e-01],
       [ -7.39202380e-02,  -9.55840088e-02,  -6.27787596e-01],
       [ -2.35311556e-01,  -4.82623375e-01,  -3.98658647e-01],
       [ -2.38659512e-01,  -2.54241180e-01,  -9.12343439e-02],
       [  1.04478731e-02,  -1.38967662e+00,  -1.20689446e-02],
       [ -2.00148209e-02,  -4.35822195e-01,  -6.92919508e-03],
       [  1.32265276e-03,  -9.30439007e-02,   9.94807997e-04],
       [  1.02684599e-02,  -3.07984571e-02,  -1.23760598e-01],
       [ -1.50731046e-01,  -4.88213564e-02,  -5.35216634e-01],
       [ -4.61146033e-01,  -7.13137537e-02,  -2.86411339e-01],
       [ -2.48405430e-01,  -2.43188552e-01,  -4.17515899e-01],
       [ -4.82548970e-02,  -1.13569516e-01,  -6.66866741e-01],
       [ -5.36707103e-01,  -3.83391351e-01,   2.47526004e-01],
       [ -1.18886536e-02,  -2.25379571e-01,   2.73921300e-02],
       [ -2.65865035e-01,  -1.72012284e-01,  -4.08614945e-01],
       [ -3.46614626e-02,  -1.03908530e+00,  -1.91252760e-01],
       [ -4.16907029e-02,  -1.06531261e+00,  -5.51673990e-02],
       [ -6.00661694e-01,   2.92691421e-02,   1.12029588e-01],
       [ -4.32629685e-01,   6.28812039e-02,  -6.89362224e-01],
       [ -4.41290892e-01,  -5.12155684e-02,   2.03132360e-01],
       [ -1.78436337e-02,  -6.34928299e-02,   1.81013595e-02],
       [ -1.59628580e-01,  -2.87189093e-01,   8.20402502e-02],
       [ -2.13033028e-01,  -7.81648098e-01,  -5.75045262e-02],
       [ -2.45044219e-01,  -3.25230706e-02,   1.01571494e-01],
       [ -1.92088147e-02,  -9.40190678e-01,   5.63195679e-02],
       [ -3.79711095e-03,  -1.00425506e-01,   2.24234693e-02],
       [ -9.32762661e-01,   1.94155206e-03,  -1.29109464e-01],
       [ -2.58098895e-02,  -2.49104372e-02,   2.32497595e-03],
       [ -4.68656711e-01,  -3.78343927e-01,   9.40017629e-02],
       [ -1.80514218e-01,  -1.10052893e-01,  -4.87913120e-01],
       [ -4.27615441e-01,  -2.68407884e-01,  -2.93240362e-01],
       [ -3.42069108e-01,  -6.17796536e-01,  -3.00966116e-01],
       [ -7.18587767e-02,  -6.67845084e-01,  -5.29122160e-01],
       [ -1.87467759e-02,  -1.71170259e-02,  -4.28103739e-02],
       [ -3.91494054e-01,  -3.16603171e-02,   1.77800540e-01]]))
0.02
Residual sum of squares: 1754.60
Variance score: 0.02
mean absolute error: 28.49
explained variance score: -0.50
mean squared error: 1358.81
r^2 score: -0.85
