nan
0
('Coefficients: \n', array([[ -1.01000000e+02,  -1.27500000e+01,  -2.26000000e+02],
       [ -3.80000000e+01,  -9.95000000e+01,  -3.36000000e+02],
       [ -2.49000000e+02,  -5.10000000e+01,  -6.00000000e+01],
       [ -1.54000000e+02,  -2.32500000e+01,  -1.63000000e+02],
       [ -2.14000000e+02,  -2.70000000e+01,  -1.15000000e+02],
       [ -1.92000000e+02,  -1.55000000e+01,  -1.06000000e+02],
       [  0.00000000e+00,  -4.10000000e+01,  -7.40000000e+01],
       [ -2.30000000e+01,  -2.90000000e+01,  -7.00000000e+01],
       [ -5.90000000e+01,  -1.32500000e+01,  -3.60000000e+01],
       [  9.30000000e+01,  -5.85000000e+01,  -2.43000000e+02],
       [ -1.77000000e+02,  -7.25000000e+00,  -1.26000000e+02],
       [ -2.80000000e+01,  -5.25000000e+01,  -9.10000000e+01],
       [  7.00000000e+00,  -2.60000000e+01,  -7.40000000e+01],
       [ -7.00000000e+00,  -1.50000000e+01,  -1.12000000e+02],
       [  0.00000000e+00,  -7.00000000e+00,  -9.90000000e+01],
       [ -9.20000000e+01,  -4.50000000e+00,  -1.16000000e+02],
       [ -2.00000000e+00,  -2.93000000e+02,  -5.31000000e+02],
       [ -9.70000000e+01,  -4.50000000e+00,  -1.21000000e+02],
       [ -3.20000000e+01,  -3.90000000e+01,  -9.60000000e+01],
       [ -1.80000000e+01,  -2.30000000e+01,  -1.05000000e+02],
       [ -1.32000000e+02,  -4.00000000e+00,  -1.26000000e+02],
       [ -1.37000000e+02,   3.50000000e+00,  -1.26000000e+02],
       [ -8.20000000e+01,  -5.00000000e+00,  -1.21000000e+02],
       [ -1.02000000e+02,   2.50000000e+00,  -1.26000000e+02],
       [ -3.40000000e+01,  -5.50000000e+00,   3.00000000e+00],
       [ -2.00000000e+01,  -1.16500000e+02,   4.00000000e+00],
       [ -1.49000000e+02,  -3.80000000e+01,  -5.20000000e+01],
       [ -2.10000000e+01,  -1.50000000e+01,  -3.00000000e+00],
       [ -1.29000000e+02,  -3.90000000e+01,   9.40000000e+01],
       [ -2.37000000e+02,  -3.00000000e+00,   6.80000000e+01],
       [ -1.20000000e+01,  -1.30000000e+01,  -7.10000000e+01],
       [ -1.47000000e+02,  -3.00000000e+00,  -1.26000000e+02],
       [ -4.20000000e+01,   1.00000000e+00,  -7.60000000e+01],
       [ -1.37000000e+02,  -7.25000000e+00,  -1.26000000e+02],
       [  3.00000000e+00,  -1.11500000e+02,  -2.08000000e+02],
       [ -1.40000000e+02,  -2.67500000e+01,  -1.11000000e+02],
       [ -1.77000000e+02,   3.50000000e+00,  -1.26000000e+02],
       [ -7.20000000e+01,   1.00000000e+00,  -1.16000000e+02],
       [ -8.20000000e+01,  -4.50000000e+00,  -1.06000000e+02],
       [ -1.34000000e+02,  -4.60000000e+01,  -3.00000000e+01],
       [ -1.27000000e+02,  -9.75000000e+00,  -1.26000000e+02],
       [ -8.70000000e+01,  -1.25000000e+00,  -1.11000000e+02],
       [ -1.80000000e+02,   8.25000000e+00,  -1.21000000e+02],
       [ -3.70000000e+01,  -7.25000000e+00,  -4.10000000e+01],
       [ -8.20000000e+01,   7.50000000e-01,  -1.16000000e+02],
       [ -1.57000000e+02,  -3.75000000e+00,  -1.26000000e+02],
       [ -2.80000000e+01,  -4.90000000e+01,  -1.11000000e+02],
       [ -1.52000000e+02,   1.25000000e+00,  -1.16000000e+02],
       [ -8.70000000e+01,  -7.25000000e+00,  -1.26000000e+02],
       [ -3.01000000e+02,   1.00000000e+01,   8.40000000e+01],
       [ -1.62000000e+02,  -3.75000000e+00,  -1.26000000e+02],
       [ -1.37000000e+02,  -9.75000000e+00,  -1.16000000e+02],
       [ -8.50000000e+01,  -4.85000000e+01,  -2.90000000e+01],
       [ -7.80000000e+01,  -8.00000000e+01,  -2.00000000e+00],
       [ -1.37000000e+02,  -1.50000000e+00,  -1.26000000e+02],
       [ -1.42000000e+02,  -6.75000000e+00,  -1.26000000e+02],
       [ -5.70000000e+01,  -5.00000000e-01,  -1.21000000e+02],
       [ -1.62000000e+02,  -3.50000000e+00,  -1.26000000e+02],
       [ -9.70000000e+01,  -3.00000000e+00,  -1.16000000e+02],
       [ -1.37000000e+02,  -3.75000000e+00,  -7.60000000e+01],
       [ -1.77000000e+02,  -1.25000000e+00,  -1.26000000e+02],
       [ -5.30000000e+01,  -2.70000000e+01,  -4.40000000e+01],
       [ -9.20000000e+01,  -8.00000000e+00,  -1.11000000e+02],
       [ -1.02000000e+02,  -6.00000000e+00,  -5.00000000e+01],
       [ -1.17000000e+02,   5.00000000e+00,  -1.16000000e+02],
       [ -1.37000000e+02,  -3.50000000e+00,  -9.60000000e+01],
       [ -1.02000000e+02,   1.00000000e+00,  -1.26000000e+02],
       [ -1.52000000e+02,   1.25000000e+00,  -1.26000000e+02],
       [ -1.42000000e+02,  -1.02500000e+01,  -1.21000000e+02],
       [  3.90000000e+01,  -3.73000000e+02,  -4.66000000e+02],
       [ -4.20000000e+01,  -3.00000000e+00,  -9.10000000e+01],
       [ -4.70000000e+01,  -9.90000000e+01,  -1.23000000e+02],
       [ -1.69000000e+02,  -1.00000000e+00,  -2.04000000e+02],
       [ -1.22000000e+02,  -9.00000000e+00,  -1.26000000e+02],
       [ -1.62000000e+02,  -6.25000000e+00,  -1.26000000e+02],
       [ -1.47000000e+02,  -4.50000000e+00,  -1.26000000e+02],
       [ -9.20000000e+01,  -3.00000000e+00,  -1.26000000e+02],
       [ -1.57000000e+02,  -2.75000000e+00,  -1.06000000e+02],
       [ -8.20000000e+01,  -5.00000000e+00,   3.40000000e+01],
       [ -1.47000000e+02,  -3.00000000e+00,  -1.26000000e+02],
       [ -1.27000000e+02,  -3.75000000e+00,  -1.21000000e+02],
       [ -1.27000000e+02,  -3.50000000e+00,  -1.16000000e+02],
       [ -1.68000000e+02,  -3.80000000e+01,  -1.23000000e+02],
       [ -1.59000000e+02,   5.50000000e+01,  -1.30000000e+02],
       [ -1.22000000e+02,   1.00000000e+00,  -5.10000000e+01],
       [ -6.00000000e+01,  -7.30000000e+01,   2.80000000e+01],
       [ -9.20000000e+01,  -7.25000000e+00,  -4.60000000e+01],
       [ -1.52000000e+02,  -3.50000000e+00,  -1.21000000e+02],
       [ -1.17000000e+02,   8.00000000e+00,  -9.10000000e+01],
       [ -4.00000000e+00,  -1.00000000e+00,  -1.30000000e+01],
       [ -2.10000000e+02,  -8.60000000e+01,   1.00000000e+00],
       [ -1.77000000e+02,   2.50000000e+00,  -1.26000000e+02],
       [ -1.40000000e+01,  -1.80000000e+01,  -5.60000000e+01],
       [ -1.62000000e+02,  -6.75000000e+00,  -1.21000000e+02],
       [ -1.32000000e+02,   3.00000000e+00,  -1.26000000e+02],
       [ -1.62000000e+02,  -1.50000000e+00,  -1.26000000e+02],
       [ -1.62000000e+02,  -3.50000000e+00,  -1.26000000e+02],
       [ -1.37000000e+02,  -2.75000000e+00,  -1.26000000e+02],
       [ -6.26000000e+02,  -2.00000000e+00,  -1.72000000e+02],
       [ -1.22000000e+02,  -4.00000000e+00,  -6.10000000e+01]]))
0.02
Residual sum of squares: 1959.39
Variance score: 0.02
mean absolute error: 35.60
explained variance score: -0.30
mean squared error: 1992.62
r^2 score: -0.36
